[12:32:44] UFFTYPER: Warning: hybridization set to SP3 for atom 0
[12:32:44] UFFTYPER: Warning: hybridization set to SP3 for atom 4
[12:32:44] UFFTYPER: Warning: hybridization set to SP3 for atom 8
[12:32:46] UFFTYPER: Warning: hybridization set to SP3 for atom 0
[12:32:46] UFFTYPER: Warning: hybridization set to SP3 for atom 4
[12:32:46] UFFTYPER: Warning: hybridization set to SP3 for atom 8
                                            mol_pred_loaded  mol_cond_loaded  sanitization  inchi_convertible  all_atoms_connected  no_radicals  bond_lengths  bond_angles  internal_steric_clash  aromatic_ring_flatness  non-aromatic_ring_non-flatness  double_bond_flatness  internal_energy  protein-ligand_maximum_distance  minimum_distance_to_protein  minimum_distance_to_organic_cofactors  minimum_distance_to_inorganic_cofactors  minimum_distance_to_waters  volume_overlap_with_protein  volume_overlap_with_organic_cofactors  volume_overlap_with_inorganic_cofactors  volume_overlap_with_waters
Traceback (most recent call last):
  File "C:\Users\user\AppData\Local\Programs\Python\Python312\Lib\site-packages\pandas\core\indexes\base.py", line 3812, in get_loc
file                     molecule position                                                                                                                                                                                                                                                                                                                                                                                                                                                                                                                                                                         
./poses/4ecy_refined.sdf          0                    True             True          True               True                 True         True         False        False                  False                    True                            True                  True            False                             True                         True                                   True                                     True                        True                         True                                   True                                     True                        True
    return self._engine.get_loc(casted_key)
           ^^^^^^^^^^^^^^^^^^^^^^^^^^^^^^^^
  File "pandas/_libs/index.pyx", line 167, in pandas._libs.index.IndexEngine.get_loc
  File "pandas/_libs/index.pyx", line 196, in pandas._libs.index.IndexEngine.get_loc
  File "pandas/_libs/hashtable_class_helper.pxi", line 7088, in pandas._libs.hashtable.PyObjectHashTable.get_item
  File "pandas/_libs/hashtable_class_helper.pxi", line 7096, in pandas._libs.hashtable.PyObjectHashTable.get_item
KeyError: 'pb_valid'

The above exception was the direct cause of the following exception:

Traceback (most recent call last):
  File "D:\Drug\src\eval_posebusters.py", line 36, in <module>
    main()
  File "D:\Drug\src\eval_posebusters.py", line 32, in main
    passed = df["pb_valid"].all()
             ~~^^^^^^^^^^^^
  File "C:\Users\user\AppData\Local\Programs\Python\Python312\Lib\site-packages\pandas\core\frame.py", line 4113, in __getitem__
    indexer = self.columns.get_loc(key)
              ^^^^^^^^^^^^^^^^^^^^^^^^^
  File "C:\Users\user\AppData\Local\Programs\Python\Python312\Lib\site-packages\pandas\core\indexes\base.py", line 3819, in get_loc
    raise KeyError(key) from err
KeyError: 'pb_valid'
